<?xml version="1.0" encoding="UTF-8" ?>
<testsuite failures="1" time="51.734" errors="0" skipped="0" tests="1" name="groupid.artifactid.AndroidTest">
  <properties>
    <property name="java.runtime.name" value="Java(TM) SE Runtime Environment"/>
    <property name="sun.boot.library.path" value="/System/Library/Java/JavaVirtualMachines/1.6.0.jdk/Contents/Libraries"/>
    <property name="java.vm.version" value="20.4-b02-402"/>
    <property name="awt.nativeDoubleBuffering" value="true"/>
    <property name="gopherProxySet" value="false"/>
    <property name="mrj.build" value="11M3527"/>
    <property name="java.vm.vendor" value="Apple Inc."/>
    <property name="java.vendor.url" value="http://www.apple.com/"/>
    <property name="path.separator" value=":"/>
    <property name="java.vm.name" value="Java HotSpot(TM) 64-Bit Server VM"/>
    <property name="file.encoding.pkg" value="sun.io"/>
    <property name="user.country" value="US"/>
    <property name="sun.java.launcher" value="SUN_STANDARD"/>
    <property name="sun.os.patch.level" value="unknown"/>
    <property name="java.vm.specification.name" value="Java Virtual Machine Specification"/>
    <property name="user.dir" value="/Users/mos6y/Documents/sourcecode/java/FarmvilleTweeterBot"/>
    <property name="java.runtime.version" value="1.6.0_29-b11-402-11M3527"/>
    <property name="java.awt.graphicsenv" value="apple.awt.CGraphicsEnvironment"/>
    <property name="basedir" value="/Users/mos6y/Documents/sourcecode/java/FarmvilleTweeterBot"/>
    <property name="java.endorsed.dirs" value="/System/Library/Java/JavaVirtualMachines/1.6.0.jdk/Contents/Home/lib/endorsed"/>
    <property name="os.arch" value="x86_64"/>
    <property name="surefire.real.class.path" value="/Users/mos6y/Documents/sourcecode/java/FarmvilleTweeterBot/target/surefire/surefirebooter5448691654182745903.jar"/>
    <property name="java.io.tmpdir" value="/var/folders/8d/bl02cf615hx47tqtqmq6x_1m0000gn/T/"/>
    <property name="line.separator" value="
"/>
    <property name="java.vm.specification.vendor" value="Sun Microsystems Inc."/>
    <property name="os.name" value="Mac OS X"/>
    <property name="sun.jnu.encoding" value="MacRoman"/>
    <property name="java.library.path" value=".:/Library/Java/Extensions:/System/Library/Java/Extensions:/usr/lib/java"/>
    <property name="surefire.test.class.path" value="/Users/mos6y/Documents/sourcecode/java/FarmvilleTweeterBot/target/test-classes:/Users/mos6y/Documents/sourcecode/java/FarmvilleTweeterBot/target/classes:/Users/mos6y/.m2/repository/org/seleniumhq/selenium/selenium-java/2.18.0/selenium-java-2.18.0.jar:/Users/mos6y/.m2/repository/org/seleniumhq/selenium/selenium-android-driver/2.18.0/selenium-android-driver-2.18.0.jar:/Users/mos6y/.m2/repository/org/seleniumhq/selenium/selenium-remote-driver/2.18.0/selenium-remote-driver-2.18.0.jar:/Users/mos6y/.m2/repository/cglib/cglib-nodep/2.1_3/cglib-nodep-2.1_3.jar:/Users/mos6y/.m2/repository/org/json/json/20080701/json-20080701.jar:/Users/mos6y/.m2/repository/com/google/guava/guava/11.0.1/guava-11.0.1.jar:/Users/mos6y/.m2/repository/com/google/code/findbugs/jsr305/1.3.9/jsr305-1.3.9.jar:/Users/mos6y/.m2/repository/org/seleniumhq/selenium/selenium-chrome-driver/2.18.0/selenium-chrome-driver-2.18.0.jar:/Users/mos6y/.m2/repository/org/seleniumhq/selenium/selenium-htmlunit-driver/2.18.0/selenium-htmlunit-driver-2.18.0.jar:/Users/mos6y/.m2/repository/org/seleniumhq/selenium/selenium-api/2.18.0/selenium-api-2.18.0.jar:/Users/mos6y/.m2/repository/net/sourceforge/htmlunit/htmlunit/2.9/htmlunit-2.9.jar:/Users/mos6y/.m2/repository/xalan/xalan/2.7.1/xalan-2.7.1.jar:/Users/mos6y/.m2/repository/xalan/serializer/2.7.1/serializer-2.7.1.jar:/Users/mos6y/.m2/repository/commons-collections/commons-collections/3.2.1/commons-collections-3.2.1.jar:/Users/mos6y/.m2/repository/commons-lang/commons-lang/2.6/commons-lang-2.6.jar:/Users/mos6y/.m2/repository/org/apache/httpcomponents/httpmime/4.1.2/httpmime-4.1.2.jar:/Users/mos6y/.m2/repository/commons-codec/commons-codec/1.4/commons-codec-1.4.jar:/Users/mos6y/.m2/repository/net/sourceforge/htmlunit/htmlunit-core-js/2.9/htmlunit-core-js-2.9.jar:/Users/mos6y/.m2/repository/xerces/xercesImpl/2.9.1/xercesImpl-2.9.1.jar:/Users/mos6y/.m2/repository/xml-apis/xml-apis/1.3.04/xml-apis-1.3.04.jar:/Users/mos6y/.m2/repository/net/sourceforge/nekohtml/nekohtml/1.9.15/nekohtml-1.9.15.jar:/Users/mos6y/.m2/repository/net/sourceforge/cssparser/cssparser/0.9.5/cssparser-0.9.5.jar:/Users/mos6y/.m2/repository/org/w3c/css/sac/1.3/sac-1.3.jar:/Users/mos6y/.m2/repository/commons-logging/commons-logging/1.1.1/commons-logging-1.1.1.jar:/Users/mos6y/.m2/repository/org/apache/httpcomponents/httpclient/4.1.2/httpclient-4.1.2.jar:/Users/mos6y/.m2/repository/org/apache/httpcomponents/httpcore/4.1.2/httpcore-4.1.2.jar:/Users/mos6y/.m2/repository/org/seleniumhq/selenium/selenium-firefox-driver/2.18.0/selenium-firefox-driver-2.18.0.jar:/Users/mos6y/.m2/repository/commons-io/commons-io/2.0.1/commons-io-2.0.1.jar:/Users/mos6y/.m2/repository/org/apache/commons/commons-exec/1.1/commons-exec-1.1.jar:/Users/mos6y/.m2/repository/org/seleniumhq/selenium/selenium-ie-driver/2.18.0/selenium-ie-driver-2.18.0.jar:/Users/mos6y/.m2/repository/net/java/dev/jna/jna/3.4.0/jna-3.4.0.jar:/Users/mos6y/.m2/repository/net/java/dev/jna/platform/3.4.0/platform-3.4.0.jar:/Users/mos6y/.m2/repository/org/seleniumhq/selenium/selenium-iphone-driver/2.18.0/selenium-iphone-driver-2.18.0.jar:/Users/mos6y/.m2/repository/org/seleniumhq/selenium/selenium-support/2.18.0/selenium-support-2.18.0.jar:/Users/mos6y/.m2/repository/junit/junit/4.10/junit-4.10.jar:/Users/mos6y/.m2/repository/org/hamcrest/hamcrest-core/1.1/hamcrest-core-1.1.jar:"/>
    <property name="java.specification.name" value="Java Platform API Specification"/>
    <property name="java.class.version" value="50.0"/>
    <property name="sun.management.compiler" value="HotSpot 64-Bit Tiered Compilers"/>
    <property name="os.version" value="10.7.2"/>
    <property name="http.nonProxyHosts" value="local|*.local|169.254/16|*.169.254/16"/>
    <property name="user.home" value="/Users/mos6y"/>
    <property name="user.timezone" value=""/>
    <property name="java.awt.printerjob" value="apple.awt.CPrinterJob"/>
    <property name="java.specification.version" value="1.6"/>
    <property name="file.encoding" value="MacRoman"/>
    <property name="user.name" value="mos6y"/>
    <property name="java.class.path" value="/Users/mos6y/Documents/sourcecode/java/FarmvilleTweeterBot/target/test-classes:/Users/mos6y/Documents/sourcecode/java/FarmvilleTweeterBot/target/classes:/Users/mos6y/.m2/repository/org/seleniumhq/selenium/selenium-java/2.18.0/selenium-java-2.18.0.jar:/Users/mos6y/.m2/repository/org/seleniumhq/selenium/selenium-android-driver/2.18.0/selenium-android-driver-2.18.0.jar:/Users/mos6y/.m2/repository/org/seleniumhq/selenium/selenium-remote-driver/2.18.0/selenium-remote-driver-2.18.0.jar:/Users/mos6y/.m2/repository/cglib/cglib-nodep/2.1_3/cglib-nodep-2.1_3.jar:/Users/mos6y/.m2/repository/org/json/json/20080701/json-20080701.jar:/Users/mos6y/.m2/repository/com/google/guava/guava/11.0.1/guava-11.0.1.jar:/Users/mos6y/.m2/repository/com/google/code/findbugs/jsr305/1.3.9/jsr305-1.3.9.jar:/Users/mos6y/.m2/repository/org/seleniumhq/selenium/selenium-chrome-driver/2.18.0/selenium-chrome-driver-2.18.0.jar:/Users/mos6y/.m2/repository/org/seleniumhq/selenium/selenium-htmlunit-driver/2.18.0/selenium-htmlunit-driver-2.18.0.jar:/Users/mos6y/.m2/repository/org/seleniumhq/selenium/selenium-api/2.18.0/selenium-api-2.18.0.jar:/Users/mos6y/.m2/repository/net/sourceforge/htmlunit/htmlunit/2.9/htmlunit-2.9.jar:/Users/mos6y/.m2/repository/xalan/xalan/2.7.1/xalan-2.7.1.jar:/Users/mos6y/.m2/repository/xalan/serializer/2.7.1/serializer-2.7.1.jar:/Users/mos6y/.m2/repository/commons-collections/commons-collections/3.2.1/commons-collections-3.2.1.jar:/Users/mos6y/.m2/repository/commons-lang/commons-lang/2.6/commons-lang-2.6.jar:/Users/mos6y/.m2/repository/org/apache/httpcomponents/httpmime/4.1.2/httpmime-4.1.2.jar:/Users/mos6y/.m2/repository/commons-codec/commons-codec/1.4/commons-codec-1.4.jar:/Users/mos6y/.m2/repository/net/sourceforge/htmlunit/htmlunit-core-js/2.9/htmlunit-core-js-2.9.jar:/Users/mos6y/.m2/repository/xerces/xercesImpl/2.9.1/xercesImpl-2.9.1.jar:/Users/mos6y/.m2/repository/xml-apis/xml-apis/1.3.04/xml-apis-1.3.04.jar:/Users/mos6y/.m2/repository/net/sourceforge/nekohtml/nekohtml/1.9.15/nekohtml-1.9.15.jar:/Users/mos6y/.m2/repository/net/sourceforge/cssparser/cssparser/0.9.5/cssparser-0.9.5.jar:/Users/mos6y/.m2/repository/org/w3c/css/sac/1.3/sac-1.3.jar:/Users/mos6y/.m2/repository/commons-logging/commons-logging/1.1.1/commons-logging-1.1.1.jar:/Users/mos6y/.m2/repository/org/apache/httpcomponents/httpclient/4.1.2/httpclient-4.1.2.jar:/Users/mos6y/.m2/repository/org/apache/httpcomponents/httpcore/4.1.2/httpcore-4.1.2.jar:/Users/mos6y/.m2/repository/org/seleniumhq/selenium/selenium-firefox-driver/2.18.0/selenium-firefox-driver-2.18.0.jar:/Users/mos6y/.m2/repository/commons-io/commons-io/2.0.1/commons-io-2.0.1.jar:/Users/mos6y/.m2/repository/org/apache/commons/commons-exec/1.1/commons-exec-1.1.jar:/Users/mos6y/.m2/repository/org/seleniumhq/selenium/selenium-ie-driver/2.18.0/selenium-ie-driver-2.18.0.jar:/Users/mos6y/.m2/repository/net/java/dev/jna/jna/3.4.0/jna-3.4.0.jar:/Users/mos6y/.m2/repository/net/java/dev/jna/platform/3.4.0/platform-3.4.0.jar:/Users/mos6y/.m2/repository/org/seleniumhq/selenium/selenium-iphone-driver/2.18.0/selenium-iphone-driver-2.18.0.jar:/Users/mos6y/.m2/repository/org/seleniumhq/selenium/selenium-support/2.18.0/selenium-support-2.18.0.jar:/Users/mos6y/.m2/repository/junit/junit/4.10/junit-4.10.jar:/Users/mos6y/.m2/repository/org/hamcrest/hamcrest-core/1.1/hamcrest-core-1.1.jar:"/>
    <property name="java.vm.specification.version" value="1.0"/>
    <property name="sun.arch.data.model" value="64"/>
    <property name="java.home" value="/System/Library/Java/JavaVirtualMachines/1.6.0.jdk/Contents/Home"/>
    <property name="sun.java.command" value="/Users/mos6y/Documents/sourcecode/java/FarmvilleTweeterBot/target/surefire/surefirebooter5448691654182745903.jar /Users/mos6y/Documents/sourcecode/java/FarmvilleTweeterBot/target/surefire/surefire887430445759546877tmp /Users/mos6y/Documents/sourcecode/java/FarmvilleTweeterBot/target/surefire/surefire3056504382283411247tmp"/>
    <property name="java.specification.vendor" value="Sun Microsystems Inc."/>
    <property name="user.language" value="en"/>
    <property name="awt.toolkit" value="apple.awt.CToolkit"/>
    <property name="java.vm.info" value="mixed mode"/>
    <property name="java.version" value="1.6.0_29"/>
    <property name="java.ext.dirs" value="/Library/Java/Extensions:/System/Library/Java/Extensions:/System/Library/Java/JavaVirtualMachines/1.6.0.jdk/Contents/Home/lib/ext"/>
    <property name="sun.boot.class.path" value="/System/Library/Java/JavaVirtualMachines/1.6.0.jdk/Contents/Classes/jsfd.jar:/System/Library/Java/JavaVirtualMachines/1.6.0.jdk/Contents/Classes/classes.jar:/System/Library/Frameworks/JavaVM.framework/Frameworks/JavaRuntimeSupport.framework/Resources/Java/JavaRuntimeSupport.jar:/System/Library/Java/JavaVirtualMachines/1.6.0.jdk/Contents/Classes/ui.jar:/System/Library/Java/JavaVirtualMachines/1.6.0.jdk/Contents/Classes/laf.jar:/System/Library/Java/JavaVirtualMachines/1.6.0.jdk/Contents/Classes/sunrsasign.jar:/System/Library/Java/JavaVirtualMachines/1.6.0.jdk/Contents/Classes/jsse.jar:/System/Library/Java/JavaVirtualMachines/1.6.0.jdk/Contents/Classes/jce.jar:/System/Library/Java/JavaVirtualMachines/1.6.0.jdk/Contents/Classes/charsets.jar"/>
    <property name="java.vendor" value="Apple Inc."/>
    <property name="localRepository" value="/Users/mos6y/.m2/repository"/>
    <property name="file.separator" value="/"/>
    <property name="java.vendor.url.bug" value="http://bugreport.apple.com/"/>
    <property name="sun.cpu.endian" value="little"/>
    <property name="sun.io.unicode.encoding" value="UnicodeLittle"/>
    <property name="mrj.version" value="1070.1.6.0_29-402"/>
    <property name="socksNonProxyHosts" value="local|*.local|169.254/16|*.169.254/16"/>
    <property name="ftp.nonProxyHosts" value="local|*.local|169.254/16|*.169.254/16"/>
    <property name="sun.cpu.isalist" value=""/>
  </properties>
  <testcase time="50.834" classname="groupid.artifactid.AndroidTest" name="testFVTweeter">
    <failure message="Not ready to harvest" type="java.lang.AssertionError">java.lang.AssertionError: Not ready to harvest
	at org.junit.Assert.fail(Assert.java:93)
	at org.junit.Assert.assertTrue(Assert.java:43)
	at groupid.artifactid.AndroidTest.farmVillefarmer(AndroidTest.java:95)
	at groupid.artifactid.AndroidTest.testFVTweeter(AndroidTest.java:47)
	at sun.reflect.NativeMethodAccessorImpl.invoke0(Native Method)
	at sun.reflect.NativeMethodAccessorImpl.invoke(NativeMethodAccessorImpl.java:39)
	at sun.reflect.DelegatingMethodAccessorImpl.invoke(DelegatingMethodAccessorImpl.java:25)
	at java.lang.reflect.Method.invoke(Method.java:597)
	at org.junit.runners.model.FrameworkMethod$1.runReflectiveCall(FrameworkMethod.java:45)
	at org.junit.internal.runners.model.ReflectiveCallable.run(ReflectiveCallable.java:15)
	at org.junit.runners.model.FrameworkMethod.invokeExplosively(FrameworkMethod.java:42)
	at org.junit.internal.runners.statements.InvokeMethod.evaluate(InvokeMethod.java:20)
	at org.junit.internal.runners.statements.RunBefores.evaluate(RunBefores.java:28)
	at org.junit.internal.runners.statements.RunAfters.evaluate(RunAfters.java:30)
	at org.junit.runners.ParentRunner.runLeaf(ParentRunner.java:263)
	at org.junit.runners.BlockJUnit4ClassRunner.runChild(BlockJUnit4ClassRunner.java:68)
	at org.junit.runners.BlockJUnit4ClassRunner.runChild(BlockJUnit4ClassRunner.java:47)
	at org.junit.runners.ParentRunner$3.run(ParentRunner.java:231)
	at org.junit.runners.ParentRunner$1.schedule(ParentRunner.java:60)
	at org.junit.runners.ParentRunner.runChildren(ParentRunner.java:229)
	at org.junit.runners.ParentRunner.access$000(ParentRunner.java:50)
	at org.junit.runners.ParentRunner$2.evaluate(ParentRunner.java:222)
	at org.junit.runners.ParentRunner.run(ParentRunner.java:300)
	at org.apache.maven.surefire.junit4.JUnit4TestSet.execute(JUnit4TestSet.java:35)
	at org.apache.maven.surefire.junit4.JUnit4Provider.executeTestSet(JUnit4Provider.java:146)
	at org.apache.maven.surefire.junit4.JUnit4Provider.invoke(JUnit4Provider.java:97)
	at sun.reflect.NativeMethodAccessorImpl.invoke0(Native Method)
	at sun.reflect.NativeMethodAccessorImpl.invoke(NativeMethodAccessorImpl.java:39)
	at sun.reflect.DelegatingMethodAccessorImpl.invoke(DelegatingMethodAccessorImpl.java:25)
	at java.lang.reflect.Method.invoke(Method.java:597)
	at org.apache.maven.surefire.booter.ProviderFactory$ClassLoaderProxy.invoke(ProviderFactory.java:103)
	at $Proxy0.invoke(Unknown Source)
	at org.apache.maven.surefire.booter.SurefireStarter.invokeProvider(SurefireStarter.java:145)
	at org.apache.maven.surefire.booter.SurefireStarter.runSuitesInProcess(SurefireStarter.java:87)
	at org.apache.maven.surefire.booter.ForkedBooter.main(ForkedBooter.java:69)
</failure>
    <system-out>@HL
@HL-------------------------------------------------------
@HL T E S T S
@HL-------------------------------------------------------
@SLRunning groupid.artifactid.AndroidTest
LOGGING INTO FACEBOOK
LOGGED INTO FACEBOOK HEADING TO THE FARM
waiting for spinner
waiting for spinner
waiting for spinner
waiting for spinner
waiting for spinner
waiting for spinner
waiting for spinner
waiting for spinner
waiting for spinner
waiting for spinner
waiting for spinner
waiting for spinner
waiting for spinner
waiting for spinner
waiting for spinner
waiting for spinner
FOUND HARVEST - :  Cotton
256 are 82% grown
</system-out>
  </testcase>
</testsuite>